[debug] [2024-07-04T10:12:44.043Z] ----------------------------------------------------------------------
[debug] [2024-07-04T10:12:44.046Z] Command:       C:\Program Files\nodejs\node.exe C:\Users\Developer\AppData\Roaming\npm\node_modules\firebase-tools\lib\bin\firebase.js init
[debug] [2024-07-04T10:12:44.047Z] CLI Version:   13.13.0
[debug] [2024-07-04T10:12:44.047Z] Platform:      win32
[debug] [2024-07-04T10:12:44.047Z] Node Version:  v20.11.1
[debug] [2024-07-04T10:12:44.047Z] Time:          Thu Jul 04 2024 13:12:44 GMT+0300 (Ida-Euroopa suveaeg)
[debug] [2024-07-04T10:12:44.047Z] ----------------------------------------------------------------------
[debug] 
[debug] [2024-07-04T10:12:44.053Z] > command requires scopes: ["email","openid","https://www.googleapis.com/auth/cloudplatformprojects.readonly","https://www.googleapis.com/auth/firebase","https://www.googleapis.com/auth/cloud-platform"]
[debug] [2024-07-04T10:12:44.053Z] > authorizing via signed-in user (tttrubetsky@gmail.com)
[info] 
     ######## #### ########  ######## ########     ###     ######  ########
     ##        ##  ##     ## ##       ##     ##  ##   ##  ##       ##
     ######    ##  ########  ######   ########  #########  ######  ######
     ##        ##  ##    ##  ##       ##     ## ##     ##       ## ##
     ##       #### ##     ## ######## ########  ##     ##  ######  ########

You're about to initialize a Firebase project in this directory:

  C:\Users\Developer\Local Sites\front-end-06-2024\webshop

[info] 
=== Project Setup
[info] 
[info] First, let's associate this project directory with a Firebase project.
[info] You can create multiple project aliases by running firebase use --add, 
[info] but for now we'll just set up a default project.
[info] 
[debug] [2024-07-04T10:13:04.759Z] > refreshing access token with scopes: []
[debug] [2024-07-04T10:13:04.760Z] >>> [apiv2][query] POST https://www.googleapis.com/oauth2/v3/token [none]
[debug] [2024-07-04T10:13:04.760Z] >>> [apiv2][body] POST https://www.googleapis.com/oauth2/v3/token [omitted]
[debug] [2024-07-04T10:13:04.882Z] <<< [apiv2][status] POST https://www.googleapis.com/oauth2/v3/token 200
[debug] [2024-07-04T10:13:04.882Z] <<< [apiv2][body] POST https://www.googleapis.com/oauth2/v3/token [omitted]
[debug] [2024-07-04T10:13:04.890Z] >>> [apiv2][query] GET https://firebase.googleapis.com/v1beta1/projects pageSize=100
[debug] [2024-07-04T10:13:05.324Z] <<< [apiv2][status] GET https://firebase.googleapis.com/v1beta1/projects 200
[debug] [2024-07-04T10:13:05.324Z] <<< [apiv2][body] GET https://firebase.googleapis.com/v1beta1/projects [omitted]
[info] i  Using project react-webshop-e5eea (React Webshop) 
[info] 
=== Hosting Setup
[debug] [2024-07-04T10:13:08.248Z] >>> [apiv2][query] GET https://firebase.googleapis.com/v1beta1/projects/react-webshop-e5eea [none]
[debug] [2024-07-04T10:13:08.453Z] <<< [apiv2][status] GET https://firebase.googleapis.com/v1beta1/projects/react-webshop-e5eea 200
[debug] [2024-07-04T10:13:08.453Z] <<< [apiv2][body] GET https://firebase.googleapis.com/v1beta1/projects/react-webshop-e5eea {"projectId":"react-webshop-e5eea","projectNumber":"911323355014","displayName":"React Webshop","name":"projects/react-webshop-e5eea","resources":{"hostingSite":"react-webshop-e5eea"},"state":"ACTIVE","etag":"1_037cbffa-7ef3-4137-9112-ac474cc56d83"}
[info] 
[info] Your public directory is the folder (relative to your project directory) that
[info] will contain Hosting assets to be uploaded with firebase deploy. If you
[info] have a build process for your assets, use your build's output directory.
[info] 
[debug] [2024-07-04T10:13:39.896Z] >>> [apiv2][query] GET https://www.gstatic.com/firebasejs/releases.json [none]
[debug] [2024-07-04T10:13:39.939Z] <<< [apiv2][status] GET https://www.gstatic.com/firebasejs/releases.json 200
[debug] [2024-07-04T10:13:39.939Z] <<< [apiv2][body] GET https://www.gstatic.com/firebasejs/releases.json {"current":{"version":"10.12.3","browserURL":"https://www.gstatic.com/firebasejs/10.12.3/firebase.js","packageURL":"https://www.gstatic.com/firebasejs/10.12.3/firebase.tgz"},"live":{"version":"10.12","browserURL":"https://www.gstatic.com/firebasejs/live/10.12/firebase.js","packageURL":"https://www.gstatic.com/firebasejs/live/10.12/firebase.tgz"},"components":{"analytics":"https://www.gstatic.com/firebasejs/10.12.3/firebase-analytics.js","app":"https://www.gstatic.com/firebasejs/10.12.3/firebase-app.js","app-check":"https://www.gstatic.com/firebasejs/10.12.3/firebase-app-check.js","auth":"https://www.gstatic.com/firebasejs/10.12.3/firebase-auth.js","auth/cordova":"https://www.gstatic.com/firebasejs/10.12.3/firebase-auth/cordova.js","auth/web-extension":"https://www.gstatic.com/firebasejs/10.12.3/firebase-auth/web-extension.js","functions":"https://www.gstatic.com/firebasejs/10.12.3/firebase-functions.js","firestore":"https://www.gstatic.com/firebasejs/10.12.3/firebase-firestore.js","firestore/lite":"https://www.gstatic.com/firebasejs/10.12.3/firebase-firestore/lite.js","installations":"https://www.gstatic.com/firebasejs/10.12.3/firebase-installations.js","storage":"https://www.gstatic.com/firebasejs/10.12.3/firebase-storage.js","performance":"https://www.gstatic.com/firebasejs/10.12.3/firebase-performance.js","remote-config":"https://www.gstatic.com/firebasejs/10.12.3/firebase-remote-config.js","messaging":"https://www.gstatic.com/firebasejs/10.12.3/firebase-messaging.js","messaging/sw":"https://www.gstatic.com/firebasejs/10.12.3/firebase-messaging/sw.js","database":"https://www.gstatic.com/firebasejs/10.12.3/firebase-database.js","vertexai-preview":"https://www.gstatic.com/firebasejs/10.12.3/firebase-vertexai-preview.js","firestore.memory":"https://www.gstatic.com/firebasejs/10.12.3/firebase-firestore.memory.js"}}
